<?xml version="1.0" encoding="UTF-8"?>
<!-- Generated by org.testng.reporters.JUnitXMLReporter -->
<testsuite hostname="shbudipa" name="Utilization(failed)" tests="22" failures="1" timestamp="28 Feb 2019 09:09:37 GMT" time="70.962" errors="0">
  <testcase name="verifyChargeableHCTest" time="50.143" classname="com.pld.Test.UtilizationLadderTest">
    <failure type="org.openqa.selenium.NoSuchElementException" message="Unable to locate element: //*[contains(text(),&amp;apos;Chargeable HC&amp;apos;)]
For documentation on this error, please visit: https://www.seleniumhq.org/exceptions/no_such_element.html
Build info: version: &amp;apos;3.141.59&amp;apos;, revision: &amp;apos;e82be7d358&amp;apos;, time: &amp;apos;2018-11-14T08:17:03&amp;apos;
System info: host: &amp;apos;shbudipa&amp;apos;, ip: &amp;apos;9.202.13.199&amp;apos;, os.name: &amp;apos;Windows 10&amp;apos;, os.arch: &amp;apos;amd64&amp;apos;, os.version: &amp;apos;10.0&amp;apos;, java.version: &amp;apos;1.8.0_151&amp;apos;
Driver info: org.openqa.selenium.firefox.FirefoxDriver
Capabilities {acceptInsecureCerts: true, browserName: firefox, browserVersion: 65.0.1, javascriptEnabled: true, moz:accessibilityChecks: false, moz:geckodriverVersion: 0.24.0, moz:headless: false, moz:processID: 25592, moz:profile: C:\Users\ShireeshaBudida\Ap..., moz:shutdownTimeout: 60000, moz:useNonSpecCompliantPointerOrigin: false, moz:webdriverClick: true, pageLoadStrategy: normal, platform: WINDOWS, platformName: WINDOWS, platformVersion: 10.0, rotatable: false, setWindowRect: true, strictFileInteractability: false, timeouts: {implicit: 0, pageLoad: 300000, script: 30000}, unhandledPromptBehavior: dismiss and notify}
Session ID: e3725e9a-ff6c-428e-b5cb-94ea5a9f62bd
*** Element info: {Using=xpath, value=//*[contains(text(),&amp;apos;Chargeable HC&amp;apos;)]}">
      <![CDATA[org.openqa.selenium.NoSuchElementException: Unable to locate element: //*[contains(text(),'Chargeable HC')]
For documentation on this error, please visit: https://www.seleniumhq.org/exceptions/no_such_element.html
Build info: version: '3.141.59', revision: 'e82be7d358', time: '2018-11-14T08:17:03'
System info: host: 'shbudipa', ip: '9.202.13.199', os.name: 'Windows 10', os.arch: 'amd64', os.version: '10.0', java.version: '1.8.0_151'
Driver info: org.openqa.selenium.firefox.FirefoxDriver
Capabilities {acceptInsecureCerts: true, browserName: firefox, browserVersion: 65.0.1, javascriptEnabled: true, moz:accessibilityChecks: false, moz:geckodriverVersion: 0.24.0, moz:headless: false, moz:processID: 25592, moz:profile: C:\Users\ShireeshaBudida\Ap..., moz:shutdownTimeout: 60000, moz:useNonSpecCompliantPointerOrigin: false, moz:webdriverClick: true, pageLoadStrategy: normal, platform: WINDOWS, platformName: WINDOWS, platformVersion: 10.0, rotatable: false, setWindowRect: true, strictFileInteractability: false, timeouts: {implicit: 0, pageLoad: 300000, script: 30000}, unhandledPromptBehavior: dismiss and notify}
Session ID: e3725e9a-ff6c-428e-b5cb-94ea5a9f62bd
*** Element info: {Using=xpath, value=//*[contains(text(),'Chargeable HC')]}
	at org.openqa.selenium.remote.http.W3CHttpResponseCodec.createException(W3CHttpResponseCodec.java:187)
	at org.openqa.selenium.remote.http.W3CHttpResponseCodec.decode(W3CHttpResponseCodec.java:122)
	at org.openqa.selenium.remote.http.W3CHttpResponseCodec.decode(W3CHttpResponseCodec.java:49)
	at org.openqa.selenium.remote.HttpCommandExecutor.execute(HttpCommandExecutor.java:158)
	at org.openqa.selenium.remote.service.DriverCommandExecutor.execute(DriverCommandExecutor.java:83)
	at org.openqa.selenium.remote.RemoteWebDriver.execute(RemoteWebDriver.java:552)
	at org.openqa.selenium.remote.RemoteWebDriver.findElement(RemoteWebDriver.java:323)
	at org.openqa.selenium.remote.RemoteWebDriver.findElementByXPath(RemoteWebDriver.java:428)
	at org.openqa.selenium.By$ByXPath.findElement(By.java:353)
	at org.openqa.selenium.remote.RemoteWebDriver.findElement(RemoteWebDriver.java:315)
	at org.openqa.selenium.support.pagefactory.DefaultElementLocator.findElement(DefaultElementLocator.java:69)
	at org.openqa.selenium.support.pagefactory.internal.LocatingElementHandler.invoke(LocatingElementHandler.java:38)
	at com.sun.proxy.$Proxy10.isDisplayed(Unknown Source)
	at com.pld.Pages.UtilizationLadder.verifyChargeableHCText(UtilizationLadder.java:36)
	at com.pld.Test.UtilizationLadderTest.verifyChargeableHCTest(UtilizationLadderTest.java:54)
... Removed 28 stack frames]]>
    </failure>
  </testcase> <!-- verifyChargeableHCTest -->
  <testcase name="verifyQTDAsOfTest" time="0.356" classname="com.pld.Test.UtilizationLadderTest"/>
  <testcase name="verifyUtilLadTest" time="0.198" classname="com.pld.Test.UtilizationLadderTest"/>
  <testcase name="verifyAbove100Percent" time="1.015" classname="com.pld.Test.UtilizationLadderTest"/>
  <testcase name="verifyTrainingDaysTest" time="17.464" classname="com.pld.Test.LearningTileTest"/>
  <testcase name="verifyProRatedYTDTGTTTest" time="0.093" classname="com.pld.Test.LearningTileTest"/>
  <testcase name="verifyYTDAsOfTest" time="0.086" classname="com.pld.Test.LearningTileTest"/>
  <testcase name="verifyeLearnTest" time="0.091" classname="com.pld.Test.LearningTileTest"/>
  <testcase name="verifyOnTrackTest" time="0.291" classname="com.pld.Test.LearningTileTest"/>
  <testcase name="verifyDaysOrPersonbyDeliveryTypeTest" time="0.09" classname="com.pld.Test.LearningTileTest"/>
  <testcase name="verifyCrossPlatformTest" time="0.091" classname="com.pld.Test.LearningTileTest"/>
  <testcase name="verifyTotalTest" time="0.092" classname="com.pld.Test.LearningTileTest"/>
  <testcase name="verifyIndustrySkillsTest" time="0.09" classname="com.pld.Test.LearningTileTest"/>
  <testcase name="verifyF2FTest" time="0.09" classname="com.pld.Test.LearningTileTest"/>
  <testcase name="verifyNewHiresTest" time="0.095" classname="com.pld.Test.LearningTileTest"/>
  <testcase name="verifyPracticeSkillsTest" time="0.09" classname="com.pld.Test.LearningTileTest"/>
  <testcase name="verifyBelowTrackTest" time="0.089" classname="com.pld.Test.LearningTileTest"/>
  <testcase name="verifyVirtualTest" time="0.091" classname="com.pld.Test.LearningTileTest"/>
  <testcase name="verifyThinkFourtyTest" time="0.095" classname="com.pld.Test.LearningTileTest"/>
  <testcase name="verifySelfRptTest" time="0.083" classname="com.pld.Test.LearningTileTest"/>
  <testcase name="verifyLearningTest" time="0.063" classname="com.pld.Test.LearningTileTest"/>
  <testcase name="verifyProfessionalDevTest" time="0.09" classname="com.pld.Test.LearningTileTest"/>
</testsuite> <!-- Utilization(failed) -->
