<?xml version="1.0" encoding="UTF-8"?>
<!-- Generated by org.testng.reporters.JUnitXMLReporter -->
<testsuite hostname="shbudipa" name="Utilization" tests="109" failures="18" timestamp="28 Feb 2019 07:58:30 GMT" time="112.196" errors="0">
  <testcase name="@BeforeClass setUp" time="0.0" classname="com.pld.Test.UtilizationLadderTest">
    <failure type="org.openqa.selenium.NoSuchElementException" message="Unable to locate element: //*[contains(text(),&amp;apos;Sign In&amp;apos;)]
For documentation on this error, please visit: https://www.seleniumhq.org/exceptions/no_such_element.html
Build info: version: &amp;apos;3.141.59&amp;apos;, revision: &amp;apos;e82be7d358&amp;apos;, time: &amp;apos;2018-11-14T08:17:03&amp;apos;
System info: host: &amp;apos;shbudipa&amp;apos;, ip: &amp;apos;9.202.13.199&amp;apos;, os.name: &amp;apos;Windows 10&amp;apos;, os.arch: &amp;apos;amd64&amp;apos;, os.version: &amp;apos;10.0&amp;apos;, java.version: &amp;apos;1.8.0_151&amp;apos;
Driver info: org.openqa.selenium.firefox.FirefoxDriver
Capabilities {acceptInsecureCerts: true, browserName: firefox, browserVersion: 65.0.1, javascriptEnabled: true, moz:accessibilityChecks: false, moz:geckodriverVersion: 0.24.0, moz:headless: false, moz:processID: 8196, moz:profile: C:\Users\ShireeshaBudida\Ap..., moz:shutdownTimeout: 60000, moz:useNonSpecCompliantPointerOrigin: false, moz:webdriverClick: true, pageLoadStrategy: normal, platform: WINDOWS, platformName: WINDOWS, platformVersion: 10.0, rotatable: false, setWindowRect: true, strictFileInteractability: false, timeouts: {implicit: 0, pageLoad: 300000, script: 30000}, unhandledPromptBehavior: dismiss and notify}
Session ID: a2974c57-268a-4f0b-84a1-38cb20fb0959
*** Element info: {Using=xpath, value=//*[contains(text(),&amp;apos;Sign In&amp;apos;)]}">
      <![CDATA[org.openqa.selenium.NoSuchElementException: Unable to locate element: //*[contains(text(),'Sign In')]
For documentation on this error, please visit: https://www.seleniumhq.org/exceptions/no_such_element.html
Build info: version: '3.141.59', revision: 'e82be7d358', time: '2018-11-14T08:17:03'
System info: host: 'shbudipa', ip: '9.202.13.199', os.name: 'Windows 10', os.arch: 'amd64', os.version: '10.0', java.version: '1.8.0_151'
Driver info: org.openqa.selenium.firefox.FirefoxDriver
Capabilities {acceptInsecureCerts: true, browserName: firefox, browserVersion: 65.0.1, javascriptEnabled: true, moz:accessibilityChecks: false, moz:geckodriverVersion: 0.24.0, moz:headless: false, moz:processID: 8196, moz:profile: C:\Users\ShireeshaBudida\Ap..., moz:shutdownTimeout: 60000, moz:useNonSpecCompliantPointerOrigin: false, moz:webdriverClick: true, pageLoadStrategy: normal, platform: WINDOWS, platformName: WINDOWS, platformVersion: 10.0, rotatable: false, setWindowRect: true, strictFileInteractability: false, timeouts: {implicit: 0, pageLoad: 300000, script: 30000}, unhandledPromptBehavior: dismiss and notify}
Session ID: a2974c57-268a-4f0b-84a1-38cb20fb0959
*** Element info: {Using=xpath, value=//*[contains(text(),'Sign In')]}
	at org.openqa.selenium.remote.http.W3CHttpResponseCodec.createException(W3CHttpResponseCodec.java:187)
	at org.openqa.selenium.remote.http.W3CHttpResponseCodec.decode(W3CHttpResponseCodec.java:122)
	at org.openqa.selenium.remote.http.W3CHttpResponseCodec.decode(W3CHttpResponseCodec.java:49)
	at org.openqa.selenium.remote.HttpCommandExecutor.execute(HttpCommandExecutor.java:158)
	at org.openqa.selenium.remote.service.DriverCommandExecutor.execute(DriverCommandExecutor.java:83)
	at org.openqa.selenium.remote.RemoteWebDriver.execute(RemoteWebDriver.java:552)
	at org.openqa.selenium.remote.RemoteWebDriver.findElement(RemoteWebDriver.java:323)
	at org.openqa.selenium.remote.RemoteWebDriver.findElementByXPath(RemoteWebDriver.java:428)
	at org.openqa.selenium.By$ByXPath.findElement(By.java:353)
	at org.openqa.selenium.remote.RemoteWebDriver.findElement(RemoteWebDriver.java:315)
	at org.openqa.selenium.support.pagefactory.DefaultElementLocator.findElement(DefaultElementLocator.java:69)
	at org.openqa.selenium.support.pagefactory.internal.LocatingElementHandler.invoke(LocatingElementHandler.java:38)
	at com.sun.proxy.$Proxy11.click(Unknown Source)
	at com.pld.Pages.Loginpage.pldLogin(Loginpage.java:46)
	at com.pld.Test.UtilizationLadderTest.setUp(UtilizationLadderTest.java:35)
... Removed 28 stack frames]]>
    </failure>
  </testcase> <!-- @BeforeClass setUp -->
  <testcase name="@AfterClass tearDown" time="0.0" classname="com.pld.Test.UtilizationLadderTest">
    <skipped/>
  </testcase> <!-- @AfterClass tearDown -->
  <testcase name="verifyUtiltile" time="49.056" classname="com.pld.Test.VerifyUtilizationTest"/>
  <testcase name="verifyActText" time="0.105" classname="com.pld.Test.VerifyUtilizationTest"/>
  <testcase name="verifyTargettext" time="0.089" classname="com.pld.Test.VerifyUtilizationTest"/>
  <testcase name="verifyYTYtext" time="0.087" classname="com.pld.Test.VerifyUtilizationTest"/>
  <testcase name="verifyPrioritytext" time="0.112" classname="com.pld.Test.VerifyUtilizationTest"/>
  <testcase name="verifyBillabletext" time="0.285" classname="com.pld.Test.VerifyUtilizationTest"/>
  <testcase name="verifyChargetext" time="0.241" classname="com.pld.Test.VerifyUtilizationTest"/>
  <testcase name="verifyTargetUtilizationTest" time="0.469" classname="com.pld.Test.VerifyUtilizationTest"/>
  <testcase name="verifyBenchTileTest" time="0.281" classname="com.pld.Test.BenchTileTest"/>
  <testcase name="verifyGetSkillTest" time="0.178" classname="com.pld.Test.BenchTileTest"/>
  <testcase name="verifySkillsInShortageTest" time="0.093" classname="com.pld.Test.BenchTileTest"/>
  <testcase name="verifyMTMTest" time="0.118" classname="com.pld.Test.BenchTileTest"/>
  <testcase name="verifyHCTest" time="0.119" classname="com.pld.Test.BenchTileTest"/>
  <testcase name="verifyCriticalSkillWithExcessTest" time="0.124" classname="com.pld.Test.BenchTileTest"/>
  <testcase name="verifyBenchMixTest" time="0.106" classname="com.pld.Test.BenchTileTest"/>
  <testcase name="verifyBenchByDateTest" time="0.133" classname="com.pld.Test.BenchTileTest"/>
  <testcase name="verifyAsOfTest" time="0.084" classname="com.pld.Test.BenchTileTest"/>
  <testcase name="verifyAgedBenchTest" time="0.087" classname="com.pld.Test.BenchTileTest"/>
  <testcase name="verifyWeekRoll_OffsTest" time="0.078" classname="com.pld.Test.BenchTileTest"/>
  <testcase name="verifyPercentOfTotTest" time="0.072" classname="com.pld.Test.BenchTileTest"/>
  <testcase name="verifyAbove100Percent" time="0.001" classname="com.pld.Test.UtilizationLadderTest">
    <skipped/>
  </testcase> <!-- verifyAbove100Percent -->
  <testcase name="verifyChargeableHCTest" time="0.001" classname="com.pld.Test.UtilizationLadderTest">
    <skipped/>
  </testcase> <!-- verifyChargeableHCTest -->
  <testcase name="verifyQTDAsOfTest" time="0.0" classname="com.pld.Test.UtilizationLadderTest">
    <skipped/>
  </testcase> <!-- verifyQTDAsOfTest -->
  <testcase name="verifyUtilLadTest" time="0.001" classname="com.pld.Test.UtilizationLadderTest">
    <skipped/>
  </testcase> <!-- verifyUtilLadTest -->
  <testcase name="verifyADMTest" time="0.117" classname="com.pld.Test.FTEbyContractCoadingTest"/>
  <testcase name="verifyCAITest" time="0.081" classname="com.pld.Test.FTEbyContractCoadingTest"/>
  <testcase name="verifyCAMSTest" time="0.074" classname="com.pld.Test.FTEbyContractCoadingTest"/>
  <testcase name="verifyCPTTest" time="0.079" classname="com.pld.Test.FTEbyContractCoadingTest"/>
  <testcase name="verifyDSandiXTest" time="0.065" classname="com.pld.Test.FTEbyContractCoadingTest"/>
  <testcase name="verifyFTETileTest" time="0.095" classname="com.pld.Test.FTEbyContractCoadingTest"/>
  <testcase name="verifyBacklogTest" time="0.085" classname="com.pld.Test.DemandTest"/>
  <testcase name="verifyCEandD_IBM_InteractiveTest" time="0.076" classname="com.pld.Test.DemandTest"/>
  <testcase name="verifyCommitTest" time="0.095" classname="com.pld.Test.DemandTest"/>
  <testcase name="verifyDemandTileTest" time="0.079" classname="com.pld.Test.DemandTest"/>
  <testcase name="verifyJavaAndWebDevTest" time="0.087" classname="com.pld.Test.DemandTest"/>
  <testcase name="verifyNotApplicableTest" time="0.066" classname="com.pld.Test.DemandTest"/>
  <testcase name="verifyOpenPositionsTest" time="0.075" classname="com.pld.Test.DemandTest"/>
  <testcase name="verifyOpptyTest" time="0.065" classname="com.pld.Test.DemandTest"/>
  <testcase name="verifyUnassignedTest" time="0.087" classname="com.pld.Test.DemandTest"/>
  <testcase name="verifyActualHeadCountTest" time="0.066" classname="com.pld.Test.BandPyramidTest"/>
  <testcase name="verifyAvgbandTest" time="0.08" classname="com.pld.Test.BandPyramidTest"/>
  <testcase name="verifyBandPyramidTileTest" time="0.083" classname="com.pld.Test.BandPyramidTest"/>
  <testcase name="verifyBandTest" time="0.052" classname="com.pld.Test.BandPyramidTest"/>
  <testcase name="verifyDistribTest" time="0.066" classname="com.pld.Test.BandPyramidTest"/>
  <testcase name="verifyExcludeContractorsTest" time="0.065" classname="com.pld.Test.BandPyramidTest"/>
  <testcase name="verifyHCTest" time="0.074" classname="com.pld.Test.BandPyramidTest"/>
  <testcase name="verifyTotalHCTest" time="0.071" classname="com.pld.Test.BandPyramidTest"/>
  <testcase name="verifyAnnualizedRateTest" time="0.071" classname="com.pld.Test.AttritionTileTest"/>
  <testcase name="verifyAttritbyBandTest" time="0.068" classname="com.pld.Test.AttritionTileTest"/>
  <testcase name="verifyAttritionTest" time="0.077" classname="com.pld.Test.AttritionTileTest"/>
  <testcase name="verifyCompTest" time="0.072" classname="com.pld.Test.AttritionTileTest"/>
  <testcase name="verifyEducationTest" time="0.066" classname="com.pld.Test.AttritionTileTest"/>
  <testcase name="verifyLossReasonTest" time="0.066" classname="com.pld.Test.AttritionTileTest"/>
  <testcase name="verifyOpptyTest" time="0.066" classname="com.pld.Test.AttritionTileTest"/>
  <testcase name="verifyOtherTest" time="0.065" classname="com.pld.Test.AttritionTileTest"/>
  <testcase name="verifyVoluntaryLossesTest" time="0.054" classname="com.pld.Test.AttritionTileTest"/>
  <testcase name="verifyWorkOrLifeTest" time="0.063" classname="com.pld.Test.AttritionTileTest"/>
  <testcase name="verifyYTDAsOfTest" time="0.06" classname="com.pld.Test.AttritionTileTest"/>
  <testcase name="verifyActualTextTest" time="0.063" classname="com.pld.Test.CareerTileTest"/>
  <testcase name="verifyAverageTextTest" time="0.087" classname="com.pld.Test.CareerTileTest"/>
  <testcase name="verifyCareerTest" time="0.071" classname="com.pld.Test.CareerTileTest"/>
  <testcase name="verifyGoalTextTest" time="0.068" classname="com.pld.Test.CareerTileTest"/>
  <testcase name="verifyOrganicPlacementTest" time="0.056" classname="com.pld.Test.CareerTileTest"/>
  <testcase name="verifyOutliersTextTest" time="0.064" classname="com.pld.Test.CareerTileTest"/>
  <testcase name="verifyPromotionsTest" time="0.068" classname="com.pld.Test.CareerTileTest"/>
  <testcase name="verifyTimeInBandTest" time="0.069" classname="com.pld.Test.CareerTileTest"/>
  <testcase name="verifyYTDAsOfTextTest" time="0.076" classname="com.pld.Test.CareerTileTest"/>
  <testcase name="verifyDemandCoverageTileTest" time="0.162" classname="com.pld.Test.DemandCoverageTest"/>
  <testcase name="verifyNpPlansReqTest" time="0.077" classname="com.pld.Test.DemandCoverageTest"/>
  <testcase name="verifyTCVCoverageTest" time="0.086" classname="com.pld.Test.DemandCoverageTest"/>
  <testcase name="verifyTotalDealsTest" time="0.084" classname="com.pld.Test.DemandCoverageTest"/>
  <testcase name="verifyWithInThresholdTest" time="0.065" classname="com.pld.Test.DemandCoverageTest"/>
  <testcase name="verifyWithNpPlansTest" time="0.066" classname="com.pld.Test.DemandCoverageTest"/>
  <testcase name="verifyWithPlansTest" time="0.06" classname="com.pld.Test.DemandCoverageTest"/>
  <testcase name="verifyCurrentTest" time="0.055" classname="com.pld.Test.GapTileTest"/>
  <testcase name="verifyDays" time="3.612" classname="com.pld.Test.GapTileTest"/>
  <testcase name="verifyExcessTest" time="0.067" classname="com.pld.Test.GapTileTest"/>
  <testcase name="verifyGapTest" time="0.061" classname="com.pld.Test.GapTileTest"/>
  <testcase name="verifyNetgapTest" time="0.138" classname="com.pld.Test.GapTileTest"/>
  <testcase name="verifyShortagesTest" time="0.059" classname="com.pld.Test.GapTileTest"/>
  <testcase name="verifyTextAsOfTest" time="0.061" classname="com.pld.Test.GapTileTest"/>
  <testcase name="verifyANOBsTest" time="0.067" classname="com.pld.Test.HiringTileTest"/>
  <testcase name="verifyActualTest" time="0.063" classname="com.pld.Test.HiringTileTest"/>
  <testcase name="verifyAvg_BandTest" time="0.093" classname="com.pld.Test.HiringTileTest"/>
  <testcase name="verifyDateTest" time="0.079" classname="com.pld.Test.HiringTileTest"/>
  <testcase name="verifyEPHPercentTest" time="0.059" classname="com.pld.Test.HiringTileTest"/>
  <testcase name="verifyGoalTest" time="0.059" classname="com.pld.Test.HiringTileTest"/>
  <testcase name="verifyHiringTest" time="0.057" classname="com.pld.Test.HiringTileTest"/>
  <testcase name="verifyOpenRequistionsTest" time="0.063" classname="com.pld.Test.HiringTileTest"/>
  <testcase name="verifyYTDAsOfTest" time="0.057" classname="com.pld.Test.HiringTileTest"/>
  <testcase name="verifyYTDHiresTest" time="0.059" classname="com.pld.Test.HiringTileTest"/>
  <testcase name="verifyBelowTrackTest" time="0.001" classname="com.pld.Test.LearningTileTest">
    <failure type="org.openqa.selenium.NoSuchSessionException" message="Session ID is null. Using WebDriver after calling quit()?
Build info: version: &amp;apos;3.141.59&amp;apos;, revision: &amp;apos;e82be7d358&amp;apos;, time: &amp;apos;2018-11-14T08:17:03&amp;apos;
System info: host: &amp;apos;shbudipa&amp;apos;, ip: &amp;apos;9.202.13.199&amp;apos;, os.name: &amp;apos;Windows 10&amp;apos;, os.arch: &amp;apos;amd64&amp;apos;, os.version: &amp;apos;10.0&amp;apos;, java.version: &amp;apos;1.8.0_151&amp;apos;
Driver info: driver.version: RemoteWebDriver">
      <![CDATA[org.openqa.selenium.NoSuchSessionException: Session ID is null. Using WebDriver after calling quit()?
Build info: version: '3.141.59', revision: 'e82be7d358', time: '2018-11-14T08:17:03'
System info: host: 'shbudipa', ip: '9.202.13.199', os.name: 'Windows 10', os.arch: 'amd64', os.version: '10.0', java.version: '1.8.0_151'
Driver info: driver.version: RemoteWebDriver
	at org.openqa.selenium.remote.HttpCommandExecutor.execute(HttpCommandExecutor.java:125)
	at org.openqa.selenium.remote.service.DriverCommandExecutor.execute(DriverCommandExecutor.java:83)
	at org.openqa.selenium.remote.RemoteWebDriver.execute(RemoteWebDriver.java:552)
	at org.openqa.selenium.remote.RemoteWebDriver.findElement(RemoteWebDriver.java:323)
	at org.openqa.selenium.remote.RemoteWebDriver.findElementByXPath(RemoteWebDriver.java:428)
	at org.openqa.selenium.By$ByXPath.findElement(By.java:353)
	at org.openqa.selenium.remote.RemoteWebDriver.findElement(RemoteWebDriver.java:315)
	at org.openqa.selenium.support.pagefactory.DefaultElementLocator.findElement(DefaultElementLocator.java:69)
	at org.openqa.selenium.support.pagefactory.internal.LocatingElementHandler.invoke(LocatingElementHandler.java:38)
	at com.sun.proxy.$Proxy11.isDisplayed(Unknown Source)
	at com.pld.Pages.LearningTilePage.verifyBelowTrackText(LearningTilePage.java:87)
	at com.pld.Test.LearningTileTest.verifyBelowTrackTest(LearningTileTest.java:117)
... Removed 24 stack frames]]>
    </failure>
  </testcase> <!-- verifyBelowTrackTest -->
  <testcase name="verifyCrossPlatformTest" time="0.001" classname="com.pld.Test.LearningTileTest">
    <failure type="org.openqa.selenium.NoSuchSessionException" message="Session ID is null. Using WebDriver after calling quit()?
Build info: version: &amp;apos;3.141.59&amp;apos;, revision: &amp;apos;e82be7d358&amp;apos;, time: &amp;apos;2018-11-14T08:17:03&amp;apos;
System info: host: &amp;apos;shbudipa&amp;apos;, ip: &amp;apos;9.202.13.199&amp;apos;, os.name: &amp;apos;Windows 10&amp;apos;, os.arch: &amp;apos;amd64&amp;apos;, os.version: &amp;apos;10.0&amp;apos;, java.version: &amp;apos;1.8.0_151&amp;apos;
Driver info: driver.version: RemoteWebDriver">
      <![CDATA[org.openqa.selenium.NoSuchSessionException: Session ID is null. Using WebDriver after calling quit()?
Build info: version: '3.141.59', revision: 'e82be7d358', time: '2018-11-14T08:17:03'
System info: host: 'shbudipa', ip: '9.202.13.199', os.name: 'Windows 10', os.arch: 'amd64', os.version: '10.0', java.version: '1.8.0_151'
Driver info: driver.version: RemoteWebDriver
	at org.openqa.selenium.remote.HttpCommandExecutor.execute(HttpCommandExecutor.java:125)
	at org.openqa.selenium.remote.service.DriverCommandExecutor.execute(DriverCommandExecutor.java:83)
	at org.openqa.selenium.remote.RemoteWebDriver.execute(RemoteWebDriver.java:552)
	at org.openqa.selenium.remote.RemoteWebDriver.findElement(RemoteWebDriver.java:323)
	at org.openqa.selenium.remote.RemoteWebDriver.findElementByXPath(RemoteWebDriver.java:428)
	at org.openqa.selenium.By$ByXPath.findElement(By.java:353)
	at org.openqa.selenium.remote.RemoteWebDriver.findElement(RemoteWebDriver.java:315)
	at org.openqa.selenium.support.pagefactory.DefaultElementLocator.findElement(DefaultElementLocator.java:69)
	at org.openqa.selenium.support.pagefactory.internal.LocatingElementHandler.invoke(LocatingElementHandler.java:38)
	at com.sun.proxy.$Proxy11.isDisplayed(Unknown Source)
	at com.pld.Pages.LearningTilePage.verifyCrossPlatformText(LearningTilePage.java:115)
	at com.pld.Test.LearningTileTest.verifyCrossPlatformTest(LearningTileTest.java:112)
... Removed 24 stack frames]]>
    </failure>
  </testcase> <!-- verifyCrossPlatformTest -->
  <testcase name="verifyDaysOrPersonbyDeliveryTypeTest" time="0.001" classname="com.pld.Test.LearningTileTest">
    <failure type="org.openqa.selenium.NoSuchSessionException" message="Session ID is null. Using WebDriver after calling quit()?
Build info: version: &amp;apos;3.141.59&amp;apos;, revision: &amp;apos;e82be7d358&amp;apos;, time: &amp;apos;2018-11-14T08:17:03&amp;apos;
System info: host: &amp;apos;shbudipa&amp;apos;, ip: &amp;apos;9.202.13.199&amp;apos;, os.name: &amp;apos;Windows 10&amp;apos;, os.arch: &amp;apos;amd64&amp;apos;, os.version: &amp;apos;10.0&amp;apos;, java.version: &amp;apos;1.8.0_151&amp;apos;
Driver info: driver.version: RemoteWebDriver">
      <![CDATA[org.openqa.selenium.NoSuchSessionException: Session ID is null. Using WebDriver after calling quit()?
Build info: version: '3.141.59', revision: 'e82be7d358', time: '2018-11-14T08:17:03'
System info: host: 'shbudipa', ip: '9.202.13.199', os.name: 'Windows 10', os.arch: 'amd64', os.version: '10.0', java.version: '1.8.0_151'
Driver info: driver.version: RemoteWebDriver
	at org.openqa.selenium.remote.HttpCommandExecutor.execute(HttpCommandExecutor.java:125)
	at org.openqa.selenium.remote.service.DriverCommandExecutor.execute(DriverCommandExecutor.java:83)
	at org.openqa.selenium.remote.RemoteWebDriver.execute(RemoteWebDriver.java:552)
	at org.openqa.selenium.remote.RemoteWebDriver.findElement(RemoteWebDriver.java:323)
	at org.openqa.selenium.remote.RemoteWebDriver.findElementByXPath(RemoteWebDriver.java:428)
	at org.openqa.selenium.By$ByXPath.findElement(By.java:353)
	at org.openqa.selenium.remote.RemoteWebDriver.findElement(RemoteWebDriver.java:315)
	at org.openqa.selenium.support.pagefactory.DefaultElementLocator.findElement(DefaultElementLocator.java:69)
	at org.openqa.selenium.support.pagefactory.internal.LocatingElementHandler.invoke(LocatingElementHandler.java:38)
	at com.sun.proxy.$Proxy11.isDisplayed(Unknown Source)
	at com.pld.Pages.LearningTilePage.verifyDaysOrPersonbyDeliveryTypeText(LearningTilePage.java:79)
	at com.pld.Test.LearningTileTest.verifyDaysOrPersonbyDeliveryTypeTest(LearningTileTest.java:107)
... Removed 24 stack frames]]>
    </failure>
  </testcase> <!-- verifyDaysOrPersonbyDeliveryTypeTest -->
  <testcase name="verifyF2FTest" time="0.002" classname="com.pld.Test.LearningTileTest">
    <failure type="org.openqa.selenium.NoSuchSessionException" message="Session ID is null. Using WebDriver after calling quit()?
Build info: version: &amp;apos;3.141.59&amp;apos;, revision: &amp;apos;e82be7d358&amp;apos;, time: &amp;apos;2018-11-14T08:17:03&amp;apos;
System info: host: &amp;apos;shbudipa&amp;apos;, ip: &amp;apos;9.202.13.199&amp;apos;, os.name: &amp;apos;Windows 10&amp;apos;, os.arch: &amp;apos;amd64&amp;apos;, os.version: &amp;apos;10.0&amp;apos;, java.version: &amp;apos;1.8.0_151&amp;apos;
Driver info: driver.version: RemoteWebDriver">
      <![CDATA[org.openqa.selenium.NoSuchSessionException: Session ID is null. Using WebDriver after calling quit()?
Build info: version: '3.141.59', revision: 'e82be7d358', time: '2018-11-14T08:17:03'
System info: host: 'shbudipa', ip: '9.202.13.199', os.name: 'Windows 10', os.arch: 'amd64', os.version: '10.0', java.version: '1.8.0_151'
Driver info: driver.version: RemoteWebDriver
	at org.openqa.selenium.remote.HttpCommandExecutor.execute(HttpCommandExecutor.java:125)
	at org.openqa.selenium.remote.service.DriverCommandExecutor.execute(DriverCommandExecutor.java:83)
	at org.openqa.selenium.remote.RemoteWebDriver.execute(RemoteWebDriver.java:552)
	at org.openqa.selenium.remote.RemoteWebDriver.findElement(RemoteWebDriver.java:323)
	at org.openqa.selenium.remote.RemoteWebDriver.findElementByXPath(RemoteWebDriver.java:428)
	at org.openqa.selenium.By$ByXPath.findElement(By.java:353)
	at org.openqa.selenium.remote.RemoteWebDriver.findElement(RemoteWebDriver.java:315)
	at org.openqa.selenium.support.pagefactory.DefaultElementLocator.findElement(DefaultElementLocator.java:69)
	at org.openqa.selenium.support.pagefactory.internal.LocatingElementHandler.invoke(LocatingElementHandler.java:38)
	at com.sun.proxy.$Proxy11.isDisplayed(Unknown Source)
	at com.pld.Pages.LearningTilePage.verifyF2FText(LearningTilePage.java:75)
	at com.pld.Test.LearningTileTest.verifyF2FTest(LearningTileTest.java:97)
... Removed 24 stack frames]]>
    </failure>
  </testcase> <!-- verifyF2FTest -->
  <testcase name="verifyIndustrySkillsTest" time="0.006" classname="com.pld.Test.LearningTileTest">
    <failure type="org.openqa.selenium.NoSuchSessionException" message="Session ID is null. Using WebDriver after calling quit()?
Build info: version: &amp;apos;3.141.59&amp;apos;, revision: &amp;apos;e82be7d358&amp;apos;, time: &amp;apos;2018-11-14T08:17:03&amp;apos;
System info: host: &amp;apos;shbudipa&amp;apos;, ip: &amp;apos;9.202.13.199&amp;apos;, os.name: &amp;apos;Windows 10&amp;apos;, os.arch: &amp;apos;amd64&amp;apos;, os.version: &amp;apos;10.0&amp;apos;, java.version: &amp;apos;1.8.0_151&amp;apos;
Driver info: driver.version: RemoteWebDriver">
      <![CDATA[org.openqa.selenium.NoSuchSessionException: Session ID is null. Using WebDriver after calling quit()?
Build info: version: '3.141.59', revision: 'e82be7d358', time: '2018-11-14T08:17:03'
System info: host: 'shbudipa', ip: '9.202.13.199', os.name: 'Windows 10', os.arch: 'amd64', os.version: '10.0', java.version: '1.8.0_151'
Driver info: driver.version: RemoteWebDriver
	at org.openqa.selenium.remote.HttpCommandExecutor.execute(HttpCommandExecutor.java:125)
	at org.openqa.selenium.remote.service.DriverCommandExecutor.execute(DriverCommandExecutor.java:83)
	at org.openqa.selenium.remote.RemoteWebDriver.execute(RemoteWebDriver.java:552)
	at org.openqa.selenium.remote.RemoteWebDriver.findElement(RemoteWebDriver.java:323)
	at org.openqa.selenium.remote.RemoteWebDriver.findElementByXPath(RemoteWebDriver.java:428)
	at org.openqa.selenium.By$ByXPath.findElement(By.java:353)
	at org.openqa.selenium.remote.RemoteWebDriver.findElement(RemoteWebDriver.java:315)
	at org.openqa.selenium.support.pagefactory.DefaultElementLocator.findElement(DefaultElementLocator.java:69)
	at org.openqa.selenium.support.pagefactory.internal.LocatingElementHandler.invoke(LocatingElementHandler.java:38)
	at com.sun.proxy.$Proxy11.isDisplayed(Unknown Source)
	at com.pld.Pages.LearningTilePage.verifyIndustrySkillsText(LearningTilePage.java:111)
	at com.pld.Test.LearningTileTest.verifyIndustrySkillsTest(LearningTileTest.java:92)
... Removed 24 stack frames]]>
    </failure>
  </testcase> <!-- verifyIndustrySkillsTest -->
  <testcase name="verifyLearningTest" time="0.001" classname="com.pld.Test.LearningTileTest">
    <failure type="org.openqa.selenium.NoSuchSessionException" message="Session ID is null. Using WebDriver after calling quit()?
Build info: version: &amp;apos;3.141.59&amp;apos;, revision: &amp;apos;e82be7d358&amp;apos;, time: &amp;apos;2018-11-14T08:17:03&amp;apos;
System info: host: &amp;apos;shbudipa&amp;apos;, ip: &amp;apos;9.202.13.199&amp;apos;, os.name: &amp;apos;Windows 10&amp;apos;, os.arch: &amp;apos;amd64&amp;apos;, os.version: &amp;apos;10.0&amp;apos;, java.version: &amp;apos;1.8.0_151&amp;apos;
Driver info: driver.version: RemoteWebDriver">
      <![CDATA[org.openqa.selenium.NoSuchSessionException: Session ID is null. Using WebDriver after calling quit()?
Build info: version: '3.141.59', revision: 'e82be7d358', time: '2018-11-14T08:17:03'
System info: host: 'shbudipa', ip: '9.202.13.199', os.name: 'Windows 10', os.arch: 'amd64', os.version: '10.0', java.version: '1.8.0_151'
Driver info: driver.version: RemoteWebDriver
	at org.openqa.selenium.remote.HttpCommandExecutor.execute(HttpCommandExecutor.java:125)
	at org.openqa.selenium.remote.service.DriverCommandExecutor.execute(DriverCommandExecutor.java:83)
	at org.openqa.selenium.remote.RemoteWebDriver.execute(RemoteWebDriver.java:552)
	at org.openqa.selenium.remote.RemoteWebDriver.findElement(RemoteWebDriver.java:323)
	at org.openqa.selenium.remote.RemoteWebDriver.findElementByXPath(RemoteWebDriver.java:428)
	at org.openqa.selenium.By$ByXPath.findElement(By.java:353)
	at org.openqa.selenium.remote.RemoteWebDriver.findElement(RemoteWebDriver.java:315)
	at org.openqa.selenium.support.pagefactory.DefaultElementLocator.findElement(DefaultElementLocator.java:69)
	at org.openqa.selenium.support.pagefactory.internal.LocatingElementHandler.invoke(LocatingElementHandler.java:38)
	at com.sun.proxy.$Proxy11.isDisplayed(Unknown Source)
	at com.pld.Pages.LearningTilePage.verifyLearningTile(LearningTilePage.java:131)
	at com.pld.Test.LearningTileTest.verifyLearningTest(LearningTileTest.java:42)
... Removed 24 stack frames]]>
    </failure>
  </testcase> <!-- verifyLearningTest -->
  <testcase name="verifyNewHiresTest" time="0.002" classname="com.pld.Test.LearningTileTest">
    <failure type="org.openqa.selenium.NoSuchSessionException" message="Session ID is null. Using WebDriver after calling quit()?
Build info: version: &amp;apos;3.141.59&amp;apos;, revision: &amp;apos;e82be7d358&amp;apos;, time: &amp;apos;2018-11-14T08:17:03&amp;apos;
System info: host: &amp;apos;shbudipa&amp;apos;, ip: &amp;apos;9.202.13.199&amp;apos;, os.name: &amp;apos;Windows 10&amp;apos;, os.arch: &amp;apos;amd64&amp;apos;, os.version: &amp;apos;10.0&amp;apos;, java.version: &amp;apos;1.8.0_151&amp;apos;
Driver info: driver.version: RemoteWebDriver">
      <![CDATA[org.openqa.selenium.NoSuchSessionException: Session ID is null. Using WebDriver after calling quit()?
Build info: version: '3.141.59', revision: 'e82be7d358', time: '2018-11-14T08:17:03'
System info: host: 'shbudipa', ip: '9.202.13.199', os.name: 'Windows 10', os.arch: 'amd64', os.version: '10.0', java.version: '1.8.0_151'
Driver info: driver.version: RemoteWebDriver
	at org.openqa.selenium.remote.HttpCommandExecutor.execute(HttpCommandExecutor.java:125)
	at org.openqa.selenium.remote.service.DriverCommandExecutor.execute(DriverCommandExecutor.java:83)
	at org.openqa.selenium.remote.RemoteWebDriver.execute(RemoteWebDriver.java:552)
	at org.openqa.selenium.remote.RemoteWebDriver.findElement(RemoteWebDriver.java:323)
	at org.openqa.selenium.remote.RemoteWebDriver.findElementByXPath(RemoteWebDriver.java:428)
	at org.openqa.selenium.By$ByXPath.findElement(By.java:353)
	at org.openqa.selenium.remote.RemoteWebDriver.findElement(RemoteWebDriver.java:315)
	at org.openqa.selenium.support.pagefactory.DefaultElementLocator.findElement(DefaultElementLocator.java:69)
	at org.openqa.selenium.support.pagefactory.internal.LocatingElementHandler.invoke(LocatingElementHandler.java:38)
	at com.sun.proxy.$Proxy11.isDisplayed(Unknown Source)
	at com.pld.Pages.LearningTilePage.verifyNewHiresText(LearningTilePage.java:103)
	at com.pld.Test.LearningTileTest.verifyNewHiresTest(LearningTileTest.java:87)
... Removed 24 stack frames]]>
    </failure>
  </testcase> <!-- verifyNewHiresTest -->
  <testcase name="verifyOnTrackTest" time="0.001" classname="com.pld.Test.LearningTileTest">
    <failure type="org.openqa.selenium.NoSuchSessionException" message="Session ID is null. Using WebDriver after calling quit()?
Build info: version: &amp;apos;3.141.59&amp;apos;, revision: &amp;apos;e82be7d358&amp;apos;, time: &amp;apos;2018-11-14T08:17:03&amp;apos;
System info: host: &amp;apos;shbudipa&amp;apos;, ip: &amp;apos;9.202.13.199&amp;apos;, os.name: &amp;apos;Windows 10&amp;apos;, os.arch: &amp;apos;amd64&amp;apos;, os.version: &amp;apos;10.0&amp;apos;, java.version: &amp;apos;1.8.0_151&amp;apos;
Driver info: driver.version: RemoteWebDriver">
      <![CDATA[org.openqa.selenium.NoSuchSessionException: Session ID is null. Using WebDriver after calling quit()?
Build info: version: '3.141.59', revision: 'e82be7d358', time: '2018-11-14T08:17:03'
System info: host: 'shbudipa', ip: '9.202.13.199', os.name: 'Windows 10', os.arch: 'amd64', os.version: '10.0', java.version: '1.8.0_151'
Driver info: driver.version: RemoteWebDriver
	at org.openqa.selenium.remote.HttpCommandExecutor.execute(HttpCommandExecutor.java:125)
	at org.openqa.selenium.remote.service.DriverCommandExecutor.execute(DriverCommandExecutor.java:83)
	at org.openqa.selenium.remote.RemoteWebDriver.execute(RemoteWebDriver.java:552)
	at org.openqa.selenium.remote.RemoteWebDriver.findElement(RemoteWebDriver.java:323)
	at org.openqa.selenium.remote.RemoteWebDriver.findElementByXPath(RemoteWebDriver.java:428)
	at org.openqa.selenium.By$ByXPath.findElement(By.java:353)
	at org.openqa.selenium.remote.RemoteWebDriver.findElement(RemoteWebDriver.java:315)
	at org.openqa.selenium.support.pagefactory.DefaultElementLocator.findElement(DefaultElementLocator.java:69)
	at org.openqa.selenium.support.pagefactory.internal.LocatingElementHandler.invoke(LocatingElementHandler.java:38)
	at com.sun.proxy.$Proxy11.isDisplayed(Unknown Source)
	at com.pld.Pages.LearningTilePage.verifyOnTrackText(LearningTilePage.java:91)
	at com.pld.Test.LearningTileTest.verifyOnTrackTest(LearningTileTest.java:82)
... Removed 24 stack frames]]>
    </failure>
  </testcase> <!-- verifyOnTrackTest -->
  <testcase name="verifyPracticeSkillsTest" time="0.001" classname="com.pld.Test.LearningTileTest">
    <failure type="org.openqa.selenium.NoSuchSessionException" message="Session ID is null. Using WebDriver after calling quit()?
Build info: version: &amp;apos;3.141.59&amp;apos;, revision: &amp;apos;e82be7d358&amp;apos;, time: &amp;apos;2018-11-14T08:17:03&amp;apos;
System info: host: &amp;apos;shbudipa&amp;apos;, ip: &amp;apos;9.202.13.199&amp;apos;, os.name: &amp;apos;Windows 10&amp;apos;, os.arch: &amp;apos;amd64&amp;apos;, os.version: &amp;apos;10.0&amp;apos;, java.version: &amp;apos;1.8.0_151&amp;apos;
Driver info: driver.version: RemoteWebDriver">
      <![CDATA[org.openqa.selenium.NoSuchSessionException: Session ID is null. Using WebDriver after calling quit()?
Build info: version: '3.141.59', revision: 'e82be7d358', time: '2018-11-14T08:17:03'
System info: host: 'shbudipa', ip: '9.202.13.199', os.name: 'Windows 10', os.arch: 'amd64', os.version: '10.0', java.version: '1.8.0_151'
Driver info: driver.version: RemoteWebDriver
	at org.openqa.selenium.remote.HttpCommandExecutor.execute(HttpCommandExecutor.java:125)
	at org.openqa.selenium.remote.service.DriverCommandExecutor.execute(DriverCommandExecutor.java:83)
	at org.openqa.selenium.remote.RemoteWebDriver.execute(RemoteWebDriver.java:552)
	at org.openqa.selenium.remote.RemoteWebDriver.findElement(RemoteWebDriver.java:323)
	at org.openqa.selenium.remote.RemoteWebDriver.findElementByXPath(RemoteWebDriver.java:428)
	at org.openqa.selenium.By$ByXPath.findElement(By.java:353)
	at org.openqa.selenium.remote.RemoteWebDriver.findElement(RemoteWebDriver.java:315)
	at org.openqa.selenium.support.pagefactory.DefaultElementLocator.findElement(DefaultElementLocator.java:69)
	at org.openqa.selenium.support.pagefactory.internal.LocatingElementHandler.invoke(LocatingElementHandler.java:38)
	at com.sun.proxy.$Proxy11.isDisplayed(Unknown Source)
	at com.pld.Pages.LearningTilePage.verifyPracticeSkillsText(LearningTilePage.java:119)
	at com.pld.Test.LearningTileTest.verifyPracticeSkillsTest(LearningTileTest.java:77)
... Removed 24 stack frames]]>
    </failure>
  </testcase> <!-- verifyPracticeSkillsTest -->
  <testcase name="verifyProRatedYTDTGTTTest" time="0.002" classname="com.pld.Test.LearningTileTest">
    <failure type="org.openqa.selenium.NoSuchSessionException" message="Session ID is null. Using WebDriver after calling quit()?
Build info: version: &amp;apos;3.141.59&amp;apos;, revision: &amp;apos;e82be7d358&amp;apos;, time: &amp;apos;2018-11-14T08:17:03&amp;apos;
System info: host: &amp;apos;shbudipa&amp;apos;, ip: &amp;apos;9.202.13.199&amp;apos;, os.name: &amp;apos;Windows 10&amp;apos;, os.arch: &amp;apos;amd64&amp;apos;, os.version: &amp;apos;10.0&amp;apos;, java.version: &amp;apos;1.8.0_151&amp;apos;
Driver info: driver.version: RemoteWebDriver">
      <![CDATA[org.openqa.selenium.NoSuchSessionException: Session ID is null. Using WebDriver after calling quit()?
Build info: version: '3.141.59', revision: 'e82be7d358', time: '2018-11-14T08:17:03'
System info: host: 'shbudipa', ip: '9.202.13.199', os.name: 'Windows 10', os.arch: 'amd64', os.version: '10.0', java.version: '1.8.0_151'
Driver info: driver.version: RemoteWebDriver
	at org.openqa.selenium.remote.HttpCommandExecutor.execute(HttpCommandExecutor.java:125)
	at org.openqa.selenium.remote.service.DriverCommandExecutor.execute(DriverCommandExecutor.java:83)
	at org.openqa.selenium.remote.RemoteWebDriver.execute(RemoteWebDriver.java:552)
	at org.openqa.selenium.remote.RemoteWebDriver.findElement(RemoteWebDriver.java:323)
	at org.openqa.selenium.remote.RemoteWebDriver.findElementByXPath(RemoteWebDriver.java:428)
	at org.openqa.selenium.By$ByXPath.findElement(By.java:353)
	at org.openqa.selenium.remote.RemoteWebDriver.findElement(RemoteWebDriver.java:315)
	at org.openqa.selenium.support.pagefactory.DefaultElementLocator.findElement(DefaultElementLocator.java:69)
	at org.openqa.selenium.support.pagefactory.internal.LocatingElementHandler.invoke(LocatingElementHandler.java:38)
	at com.sun.proxy.$Proxy11.isDisplayed(Unknown Source)
	at com.pld.Pages.LearningTilePage.verifyProRatedYTDTGTText(LearningTilePage.java:83)
	at com.pld.Test.LearningTileTest.verifyProRatedYTDTGTTTest(LearningTileTest.java:67)
... Removed 24 stack frames]]>
    </failure>
  </testcase> <!-- verifyProRatedYTDTGTTTest -->
  <testcase name="verifyProfessionalDevTest" time="0.013" classname="com.pld.Test.LearningTileTest">
    <failure type="org.openqa.selenium.NoSuchSessionException" message="Session ID is null. Using WebDriver after calling quit()?
Build info: version: &amp;apos;3.141.59&amp;apos;, revision: &amp;apos;e82be7d358&amp;apos;, time: &amp;apos;2018-11-14T08:17:03&amp;apos;
System info: host: &amp;apos;shbudipa&amp;apos;, ip: &amp;apos;9.202.13.199&amp;apos;, os.name: &amp;apos;Windows 10&amp;apos;, os.arch: &amp;apos;amd64&amp;apos;, os.version: &amp;apos;10.0&amp;apos;, java.version: &amp;apos;1.8.0_151&amp;apos;
Driver info: driver.version: RemoteWebDriver">
      <![CDATA[org.openqa.selenium.NoSuchSessionException: Session ID is null. Using WebDriver after calling quit()?
Build info: version: '3.141.59', revision: 'e82be7d358', time: '2018-11-14T08:17:03'
System info: host: 'shbudipa', ip: '9.202.13.199', os.name: 'Windows 10', os.arch: 'amd64', os.version: '10.0', java.version: '1.8.0_151'
Driver info: driver.version: RemoteWebDriver
	at org.openqa.selenium.remote.HttpCommandExecutor.execute(HttpCommandExecutor.java:125)
	at org.openqa.selenium.remote.service.DriverCommandExecutor.execute(DriverCommandExecutor.java:83)
	at org.openqa.selenium.remote.RemoteWebDriver.execute(RemoteWebDriver.java:552)
	at org.openqa.selenium.remote.RemoteWebDriver.findElement(RemoteWebDriver.java:323)
	at org.openqa.selenium.remote.RemoteWebDriver.findElementByXPath(RemoteWebDriver.java:428)
	at org.openqa.selenium.By$ByXPath.findElement(By.java:353)
	at org.openqa.selenium.remote.RemoteWebDriver.findElement(RemoteWebDriver.java:315)
	at org.openqa.selenium.support.pagefactory.DefaultElementLocator.findElement(DefaultElementLocator.java:69)
	at org.openqa.selenium.support.pagefactory.internal.LocatingElementHandler.invoke(LocatingElementHandler.java:38)
	at com.sun.proxy.$Proxy11.isDisplayed(Unknown Source)
	at com.pld.Pages.LearningTilePage.verifyProfessionalDevText(LearningTilePage.java:107)
	at com.pld.Test.LearningTileTest.verifyProfessionalDevTest(LearningTileTest.java:72)
... Removed 24 stack frames]]>
    </failure>
  </testcase> <!-- verifyProfessionalDevTest -->
  <testcase name="verifySelfRptTest" time="0.005" classname="com.pld.Test.LearningTileTest">
    <failure type="org.openqa.selenium.NoSuchSessionException" message="Session ID is null. Using WebDriver after calling quit()?
Build info: version: &amp;apos;3.141.59&amp;apos;, revision: &amp;apos;e82be7d358&amp;apos;, time: &amp;apos;2018-11-14T08:17:03&amp;apos;
System info: host: &amp;apos;shbudipa&amp;apos;, ip: &amp;apos;9.202.13.199&amp;apos;, os.name: &amp;apos;Windows 10&amp;apos;, os.arch: &amp;apos;amd64&amp;apos;, os.version: &amp;apos;10.0&amp;apos;, java.version: &amp;apos;1.8.0_151&amp;apos;
Driver info: driver.version: RemoteWebDriver">
      <![CDATA[org.openqa.selenium.NoSuchSessionException: Session ID is null. Using WebDriver after calling quit()?
Build info: version: '3.141.59', revision: 'e82be7d358', time: '2018-11-14T08:17:03'
System info: host: 'shbudipa', ip: '9.202.13.199', os.name: 'Windows 10', os.arch: 'amd64', os.version: '10.0', java.version: '1.8.0_151'
Driver info: driver.version: RemoteWebDriver
	at org.openqa.selenium.remote.HttpCommandExecutor.execute(HttpCommandExecutor.java:125)
	at org.openqa.selenium.remote.service.DriverCommandExecutor.execute(DriverCommandExecutor.java:83)
	at org.openqa.selenium.remote.RemoteWebDriver.execute(RemoteWebDriver.java:552)
	at org.openqa.selenium.remote.RemoteWebDriver.findElement(RemoteWebDriver.java:323)
	at org.openqa.selenium.remote.RemoteWebDriver.findElementByXPath(RemoteWebDriver.java:428)
	at org.openqa.selenium.By$ByXPath.findElement(By.java:353)
	at org.openqa.selenium.remote.RemoteWebDriver.findElement(RemoteWebDriver.java:315)
	at org.openqa.selenium.support.pagefactory.DefaultElementLocator.findElement(DefaultElementLocator.java:69)
	at org.openqa.selenium.support.pagefactory.internal.LocatingElementHandler.invoke(LocatingElementHandler.java:38)
	at com.sun.proxy.$Proxy11.isDisplayed(Unknown Source)
	at com.pld.Pages.LearningTilePage.verifySelfRptText(LearningTilePage.java:63)
	at com.pld.Test.LearningTileTest.verifySelfRptTest(LearningTileTest.java:62)
... Removed 24 stack frames]]>
    </failure>
  </testcase> <!-- verifySelfRptTest -->
  <testcase name="verifyThinkFourtyTest" time="0.004" classname="com.pld.Test.LearningTileTest">
    <failure type="org.openqa.selenium.NoSuchSessionException" message="Session ID is null. Using WebDriver after calling quit()?
Build info: version: &amp;apos;3.141.59&amp;apos;, revision: &amp;apos;e82be7d358&amp;apos;, time: &amp;apos;2018-11-14T08:17:03&amp;apos;
System info: host: &amp;apos;shbudipa&amp;apos;, ip: &amp;apos;9.202.13.199&amp;apos;, os.name: &amp;apos;Windows 10&amp;apos;, os.arch: &amp;apos;amd64&amp;apos;, os.version: &amp;apos;10.0&amp;apos;, java.version: &amp;apos;1.8.0_151&amp;apos;
Driver info: driver.version: RemoteWebDriver">
      <![CDATA[org.openqa.selenium.NoSuchSessionException: Session ID is null. Using WebDriver after calling quit()?
Build info: version: '3.141.59', revision: 'e82be7d358', time: '2018-11-14T08:17:03'
System info: host: 'shbudipa', ip: '9.202.13.199', os.name: 'Windows 10', os.arch: 'amd64', os.version: '10.0', java.version: '1.8.0_151'
Driver info: driver.version: RemoteWebDriver
	at org.openqa.selenium.remote.HttpCommandExecutor.execute(HttpCommandExecutor.java:125)
	at org.openqa.selenium.remote.service.DriverCommandExecutor.execute(DriverCommandExecutor.java:83)
	at org.openqa.selenium.remote.RemoteWebDriver.execute(RemoteWebDriver.java:552)
	at org.openqa.selenium.remote.RemoteWebDriver.findElement(RemoteWebDriver.java:323)
	at org.openqa.selenium.remote.RemoteWebDriver.findElementByXPath(RemoteWebDriver.java:428)
	at org.openqa.selenium.By$ByXPath.findElement(By.java:353)
	at org.openqa.selenium.remote.RemoteWebDriver.findElement(RemoteWebDriver.java:315)
	at org.openqa.selenium.support.pagefactory.DefaultElementLocator.findElement(DefaultElementLocator.java:69)
	at org.openqa.selenium.support.pagefactory.internal.LocatingElementHandler.invoke(LocatingElementHandler.java:38)
	at com.sun.proxy.$Proxy11.isDisplayed(Unknown Source)
	at com.pld.Pages.LearningTilePage.verifyThinkFourtyText(LearningTilePage.java:95)
	at com.pld.Test.LearningTileTest.verifyThinkFourtyTest(LearningTileTest.java:57)
... Removed 24 stack frames]]>
    </failure>
  </testcase> <!-- verifyThinkFourtyTest -->
  <testcase name="verifyTotalTest" time="0.005" classname="com.pld.Test.LearningTileTest">
    <failure type="org.openqa.selenium.NoSuchSessionException" message="Session ID is null. Using WebDriver after calling quit()?
Build info: version: &amp;apos;3.141.59&amp;apos;, revision: &amp;apos;e82be7d358&amp;apos;, time: &amp;apos;2018-11-14T08:17:03&amp;apos;
System info: host: &amp;apos;shbudipa&amp;apos;, ip: &amp;apos;9.202.13.199&amp;apos;, os.name: &amp;apos;Windows 10&amp;apos;, os.arch: &amp;apos;amd64&amp;apos;, os.version: &amp;apos;10.0&amp;apos;, java.version: &amp;apos;1.8.0_151&amp;apos;
Driver info: driver.version: RemoteWebDriver">
      <![CDATA[org.openqa.selenium.NoSuchSessionException: Session ID is null. Using WebDriver after calling quit()?
Build info: version: '3.141.59', revision: 'e82be7d358', time: '2018-11-14T08:17:03'
System info: host: 'shbudipa', ip: '9.202.13.199', os.name: 'Windows 10', os.arch: 'amd64', os.version: '10.0', java.version: '1.8.0_151'
Driver info: driver.version: RemoteWebDriver
	at org.openqa.selenium.remote.HttpCommandExecutor.execute(HttpCommandExecutor.java:125)
	at org.openqa.selenium.remote.service.DriverCommandExecutor.execute(DriverCommandExecutor.java:83)
	at org.openqa.selenium.remote.RemoteWebDriver.execute(RemoteWebDriver.java:552)
	at org.openqa.selenium.remote.RemoteWebDriver.findElement(RemoteWebDriver.java:323)
	at org.openqa.selenium.remote.RemoteWebDriver.findElementByXPath(RemoteWebDriver.java:428)
	at org.openqa.selenium.By$ByXPath.findElement(By.java:353)
	at org.openqa.selenium.remote.RemoteWebDriver.findElement(RemoteWebDriver.java:315)
	at org.openqa.selenium.support.pagefactory.DefaultElementLocator.findElement(DefaultElementLocator.java:69)
	at org.openqa.selenium.support.pagefactory.internal.LocatingElementHandler.invoke(LocatingElementHandler.java:38)
	at com.sun.proxy.$Proxy11.isDisplayed(Unknown Source)
	at com.pld.Pages.LearningTilePage.verifyTotalText(LearningTilePage.java:123)
	at com.pld.Test.LearningTileTest.verifyTotalTest(LearningTileTest.java:52)
... Removed 24 stack frames]]>
    </failure>
  </testcase> <!-- verifyTotalTest -->
  <testcase name="verifyTrainingDaysTest" time="0.002" classname="com.pld.Test.LearningTileTest">
    <failure type="org.openqa.selenium.NoSuchSessionException" message="Session ID is null. Using WebDriver after calling quit()?
Build info: version: &amp;apos;3.141.59&amp;apos;, revision: &amp;apos;e82be7d358&amp;apos;, time: &amp;apos;2018-11-14T08:17:03&amp;apos;
System info: host: &amp;apos;shbudipa&amp;apos;, ip: &amp;apos;9.202.13.199&amp;apos;, os.name: &amp;apos;Windows 10&amp;apos;, os.arch: &amp;apos;amd64&amp;apos;, os.version: &amp;apos;10.0&amp;apos;, java.version: &amp;apos;1.8.0_151&amp;apos;
Driver info: driver.version: RemoteWebDriver">
      <![CDATA[org.openqa.selenium.NoSuchSessionException: Session ID is null. Using WebDriver after calling quit()?
Build info: version: '3.141.59', revision: 'e82be7d358', time: '2018-11-14T08:17:03'
System info: host: 'shbudipa', ip: '9.202.13.199', os.name: 'Windows 10', os.arch: 'amd64', os.version: '10.0', java.version: '1.8.0_151'
Driver info: driver.version: RemoteWebDriver
	at org.openqa.selenium.remote.HttpCommandExecutor.execute(HttpCommandExecutor.java:125)
	at org.openqa.selenium.remote.service.DriverCommandExecutor.execute(DriverCommandExecutor.java:83)
	at org.openqa.selenium.remote.RemoteWebDriver.execute(RemoteWebDriver.java:552)
	at org.openqa.selenium.remote.RemoteWebDriver.findElement(RemoteWebDriver.java:323)
	at org.openqa.selenium.remote.RemoteWebDriver.findElementByXPath(RemoteWebDriver.java:428)
	at org.openqa.selenium.By$ByXPath.findElement(By.java:353)
	at org.openqa.selenium.remote.RemoteWebDriver.findElement(RemoteWebDriver.java:315)
	at org.openqa.selenium.support.pagefactory.DefaultElementLocator.findElement(DefaultElementLocator.java:69)
	at org.openqa.selenium.support.pagefactory.internal.LocatingElementHandler.invoke(LocatingElementHandler.java:38)
	at com.sun.proxy.$Proxy11.isDisplayed(Unknown Source)
	at com.pld.Pages.LearningTilePage.verifyTrainingDaysText(LearningTilePage.java:99)
	at com.pld.Test.LearningTileTest.verifyTrainingDaysTest(LearningTileTest.java:47)
... Removed 24 stack frames]]>
    </failure>
  </testcase> <!-- verifyTrainingDaysTest -->
  <testcase name="verifyVirtualTest" time="0.005" classname="com.pld.Test.LearningTileTest">
    <failure type="org.openqa.selenium.NoSuchSessionException" message="Session ID is null. Using WebDriver after calling quit()?
Build info: version: &amp;apos;3.141.59&amp;apos;, revision: &amp;apos;e82be7d358&amp;apos;, time: &amp;apos;2018-11-14T08:17:03&amp;apos;
System info: host: &amp;apos;shbudipa&amp;apos;, ip: &amp;apos;9.202.13.199&amp;apos;, os.name: &amp;apos;Windows 10&amp;apos;, os.arch: &amp;apos;amd64&amp;apos;, os.version: &amp;apos;10.0&amp;apos;, java.version: &amp;apos;1.8.0_151&amp;apos;
Driver info: driver.version: RemoteWebDriver">
      <![CDATA[org.openqa.selenium.NoSuchSessionException: Session ID is null. Using WebDriver after calling quit()?
Build info: version: '3.141.59', revision: 'e82be7d358', time: '2018-11-14T08:17:03'
System info: host: 'shbudipa', ip: '9.202.13.199', os.name: 'Windows 10', os.arch: 'amd64', os.version: '10.0', java.version: '1.8.0_151'
Driver info: driver.version: RemoteWebDriver
	at org.openqa.selenium.remote.HttpCommandExecutor.execute(HttpCommandExecutor.java:125)
	at org.openqa.selenium.remote.service.DriverCommandExecutor.execute(DriverCommandExecutor.java:83)
	at org.openqa.selenium.remote.RemoteWebDriver.execute(RemoteWebDriver.java:552)
	at org.openqa.selenium.remote.RemoteWebDriver.findElement(RemoteWebDriver.java:323)
	at org.openqa.selenium.remote.RemoteWebDriver.findElementByXPath(RemoteWebDriver.java:428)
	at org.openqa.selenium.By$ByXPath.findElement(By.java:353)
	at org.openqa.selenium.remote.RemoteWebDriver.findElement(RemoteWebDriver.java:315)
	at org.openqa.selenium.support.pagefactory.DefaultElementLocator.findElement(DefaultElementLocator.java:69)
	at org.openqa.selenium.support.pagefactory.internal.LocatingElementHandler.invoke(LocatingElementHandler.java:38)
	at com.sun.proxy.$Proxy11.isDisplayed(Unknown Source)
	at com.pld.Pages.LearningTilePage.verifyVirtualText(LearningTilePage.java:71)
	at com.pld.Test.LearningTileTest.verifyVirtualTest(LearningTileTest.java:122)
... Removed 24 stack frames]]>
    </failure>
  </testcase> <!-- verifyVirtualTest -->
  <testcase name="verifyYTDAsOfTest" time="0.005" classname="com.pld.Test.LearningTileTest">
    <failure type="org.openqa.selenium.NoSuchSessionException" message="Session ID is null. Using WebDriver after calling quit()?
Build info: version: &amp;apos;3.141.59&amp;apos;, revision: &amp;apos;e82be7d358&amp;apos;, time: &amp;apos;2018-11-14T08:17:03&amp;apos;
System info: host: &amp;apos;shbudipa&amp;apos;, ip: &amp;apos;9.202.13.199&amp;apos;, os.name: &amp;apos;Windows 10&amp;apos;, os.arch: &amp;apos;amd64&amp;apos;, os.version: &amp;apos;10.0&amp;apos;, java.version: &amp;apos;1.8.0_151&amp;apos;
Driver info: driver.version: RemoteWebDriver">
      <![CDATA[org.openqa.selenium.NoSuchSessionException: Session ID is null. Using WebDriver after calling quit()?
Build info: version: '3.141.59', revision: 'e82be7d358', time: '2018-11-14T08:17:03'
System info: host: 'shbudipa', ip: '9.202.13.199', os.name: 'Windows 10', os.arch: 'amd64', os.version: '10.0', java.version: '1.8.0_151'
Driver info: driver.version: RemoteWebDriver
	at org.openqa.selenium.remote.HttpCommandExecutor.execute(HttpCommandExecutor.java:125)
	at org.openqa.selenium.remote.service.DriverCommandExecutor.execute(DriverCommandExecutor.java:83)
	at org.openqa.selenium.remote.RemoteWebDriver.execute(RemoteWebDriver.java:552)
	at org.openqa.selenium.remote.RemoteWebDriver.findElement(RemoteWebDriver.java:323)
	at org.openqa.selenium.remote.RemoteWebDriver.findElementByXPath(RemoteWebDriver.java:428)
	at org.openqa.selenium.By$ByXPath.findElement(By.java:353)
	at org.openqa.selenium.remote.RemoteWebDriver.findElement(RemoteWebDriver.java:315)
	at org.openqa.selenium.support.pagefactory.DefaultElementLocator.findElement(DefaultElementLocator.java:69)
	at org.openqa.selenium.support.pagefactory.internal.LocatingElementHandler.invoke(LocatingElementHandler.java:38)
	at com.sun.proxy.$Proxy11.isDisplayed(Unknown Source)
	at com.pld.Pages.LearningTilePage.verifyYTDasofText(LearningTilePage.java:127)
	at com.pld.Test.LearningTileTest.verifyYTDAsOfTest(LearningTileTest.java:127)
... Removed 24 stack frames]]>
    </failure>
  </testcase> <!-- verifyYTDAsOfTest -->
  <testcase name="verifyeLearnTest" time="0.001" classname="com.pld.Test.LearningTileTest">
    <failure type="org.openqa.selenium.NoSuchSessionException" message="Session ID is null. Using WebDriver after calling quit()?
Build info: version: &amp;apos;3.141.59&amp;apos;, revision: &amp;apos;e82be7d358&amp;apos;, time: &amp;apos;2018-11-14T08:17:03&amp;apos;
System info: host: &amp;apos;shbudipa&amp;apos;, ip: &amp;apos;9.202.13.199&amp;apos;, os.name: &amp;apos;Windows 10&amp;apos;, os.arch: &amp;apos;amd64&amp;apos;, os.version: &amp;apos;10.0&amp;apos;, java.version: &amp;apos;1.8.0_151&amp;apos;
Driver info: driver.version: RemoteWebDriver">
      <![CDATA[org.openqa.selenium.NoSuchSessionException: Session ID is null. Using WebDriver after calling quit()?
Build info: version: '3.141.59', revision: 'e82be7d358', time: '2018-11-14T08:17:03'
System info: host: 'shbudipa', ip: '9.202.13.199', os.name: 'Windows 10', os.arch: 'amd64', os.version: '10.0', java.version: '1.8.0_151'
Driver info: driver.version: RemoteWebDriver
	at org.openqa.selenium.remote.HttpCommandExecutor.execute(HttpCommandExecutor.java:125)
	at org.openqa.selenium.remote.service.DriverCommandExecutor.execute(DriverCommandExecutor.java:83)
	at org.openqa.selenium.remote.RemoteWebDriver.execute(RemoteWebDriver.java:552)
	at org.openqa.selenium.remote.RemoteWebDriver.findElement(RemoteWebDriver.java:323)
	at org.openqa.selenium.remote.RemoteWebDriver.findElementByXPath(RemoteWebDriver.java:428)
	at org.openqa.selenium.By$ByXPath.findElement(By.java:353)
	at org.openqa.selenium.remote.RemoteWebDriver.findElement(RemoteWebDriver.java:315)
	at org.openqa.selenium.support.pagefactory.DefaultElementLocator.findElement(DefaultElementLocator.java:69)
	at org.openqa.selenium.support.pagefactory.internal.LocatingElementHandler.invoke(LocatingElementHandler.java:38)
	at com.sun.proxy.$Proxy11.isDisplayed(Unknown Source)
	at com.pld.Pages.LearningTilePage.verifyeLearnText(LearningTilePage.java:67)
	at com.pld.Test.LearningTileTest.verifyeLearnTest(LearningTileTest.java:102)
... Removed 24 stack frames]]>
    </failure>
  </testcase> <!-- verifyeLearnTest -->
</testsuite> <!-- Utilization -->
